{"C:\\Users\\T\\Desktop\\team-task-tracker\\server\\server.js": {"path":"C:\\Users\\T\\Desktop\\team-task-tracker\\server\\server.js","statementMap":{"0":{"start":{"line":1,"column":15},"end":{"line":1,"column":32}},"1":{"start":{"line":2,"column":16},"end":{"line":2,"column":34}},"2":{"start":{"line":3,"column":17},"end":{"line":3,"column":36}},"3":{"start":{"line":4,"column":13},"end":{"line":4,"column":28}},"4":{"start":{"line":5,"column":19},"end":{"line":5,"column":51}},"5":{"start":{"line":6,"column":19},"end":{"line":6,"column":51}},"6":{"start":{"line":7,"column":22},"end":{"line":7,"column":57}},"7":{"start":{"line":11,"column":0},"end":{"line":11,"column":16}},"8":{"start":{"line":13,"column":19},"end":{"line":13,"column":50}},"9":{"start":{"line":15,"column":12},"end":{"line":15,"column":21}},"10":{"start":{"line":16,"column":0},"end":{"line":16,"column":16}},"11":{"start":{"line":17,"column":0},"end":{"line":17,"column":24}},"12":{"start":{"line":20,"column":0},"end":{"line":20,"column":33}},"13":{"start":{"line":21,"column":0},"end":{"line":21,"column":34}},"14":{"start":{"line":22,"column":0},"end":{"line":22,"column":34}},"15":{"start":{"line":23,"column":0},"end":{"line":23,"column":40}},"16":{"start":{"line":27,"column":0},"end":{"line":35,"column":52}},"17":{"start":{"line":28,"column":0},"end":{"line":35,"column":51}},"18":{"start":{"line":30,"column":4},"end":{"line":30,"column":37}},"19":{"start":{"line":31,"column":4},"end":{"line":33,"column":7}},"20":{"start":{"line":32,"column":6},"end":{"line":32,"column":70}},"21":{"start":{"line":35,"column":18},"end":{"line":35,"column":50}},"22":{"start":{"line":36,"column":2},"end":{"line":36,"column":23}}},"fnMap":{"0":{"name":"(anonymous_0)","decl":{"start":{"line":29,"column":8},"end":{"line":29,"column":9}},"loc":{"start":{"line":29,"column":14},"end":{"line":34,"column":3}},"line":29},"1":{"name":"(anonymous_1)","decl":{"start":{"line":31,"column":41},"end":{"line":31,"column":42}},"loc":{"start":{"line":31,"column":47},"end":{"line":33,"column":5}},"line":31},"2":{"name":"(anonymous_2)","decl":{"start":{"line":35,"column":9},"end":{"line":35,"column":10}},"loc":{"start":{"line":35,"column":18},"end":{"line":35,"column":50}},"line":35}},"branchMap":{"0":{"loc":{"start":{"line":27,"column":0},"end":{"line":35,"column":52}},"type":"if","locations":[{"start":{"line":27,"column":0},"end":{"line":35,"column":52}},{"start":{},"end":{}}],"line":27},"1":{"loc":{"start":{"line":31,"column":15},"end":{"line":31,"column":39}},"type":"binary-expr","locations":[{"start":{"line":31,"column":15},"end":{"line":31,"column":31}},{"start":{"line":31,"column":35},"end":{"line":31,"column":39}}],"line":31},"2":{"loc":{"start":{"line":32,"column":44},"end":{"line":32,"column":68}},"type":"binary-expr","locations":[{"start":{"line":32,"column":44},"end":{"line":32,"column":60}},{"start":{"line":32,"column":64},"end":{"line":32,"column":68}}],"line":32}},"s":{"0":2,"1":2,"2":2,"3":2,"4":2,"5":2,"6":2,"7":2,"8":2,"9":2,"10":2,"11":2,"12":2,"13":2,"14":2,"15":2,"16":2,"17":0,"18":0,"19":0,"20":0,"21":0,"22":2},"f":{"0":0,"1":0,"2":0},"b":{"0":[0,2],"1":[0,0],"2":[0,0]},"_coverageSchema":"1a1c01bbd47fc00a2c39e90264f33305004495a9","hash":"afca0e33879dbe1deeeb2b491b30d84d3a1451a4"}
,"C:\\Users\\T\\Desktop\\team-task-tracker\\server\\controllers\\auth.controller.js": {"path":"C:\\Users\\T\\Desktop\\team-task-tracker\\server\\controllers\\auth.controller.js","statementMap":{"0":{"start":{"line":1,"column":15},"end":{"line":1,"column":34}},"1":{"start":{"line":2,"column":12},"end":{"line":2,"column":35}},"2":{"start":{"line":3,"column":13},"end":{"line":3,"column":38}},"3":{"start":{"line":5,"column":19},"end":{"line":5,"column":41}},"4":{"start":{"line":8,"column":0},"end":{"line":23,"column":2}},"5":{"start":{"line":9,"column":2},"end":{"line":22,"column":3}},"6":{"start":{"line":10,"column":44},"end":{"line":10,"column":52}},"7":{"start":{"line":12,"column":21},"end":{"line":12,"column":50}},"8":{"start":{"line":13,"column":4},"end":{"line":13,"column":83}},"9":{"start":{"line":13,"column":18},"end":{"line":13,"column":83}},"10":{"start":{"line":15,"column":19},"end":{"line":15,"column":50}},"11":{"start":{"line":17,"column":17},"end":{"line":17,"column":75}},"12":{"start":{"line":19,"column":4},"end":{"line":19,"column":67}},"13":{"start":{"line":21,"column":4},"end":{"line":21,"column":74}},"14":{"start":{"line":26,"column":0},"end":{"line":44,"column":2}},"15":{"start":{"line":27,"column":2},"end":{"line":43,"column":3}},"16":{"start":{"line":28,"column":32},"end":{"line":28,"column":40}},"17":{"start":{"line":30,"column":17},"end":{"line":30,"column":46}},"18":{"start":{"line":31,"column":4},"end":{"line":31,"column":79}},"19":{"start":{"line":31,"column":15},"end":{"line":31,"column":79}},"20":{"start":{"line":33,"column":20},"end":{"line":33,"column":65}},"21":{"start":{"line":34,"column":4},"end":{"line":34,"column":82}},"22":{"start":{"line":34,"column":18},"end":{"line":34,"column":82}},"23":{"start":{"line":36,"column":18},"end":{"line":38,"column":6}},"24":{"start":{"line":40,"column":4},"end":{"line":40,"column":101}},"25":{"start":{"line":42,"column":4},"end":{"line":42,"column":74}}},"fnMap":{"0":{"name":"(anonymous_0)","decl":{"start":{"line":8,"column":19},"end":{"line":8,"column":20}},"loc":{"start":{"line":8,"column":39},"end":{"line":23,"column":1}},"line":8},"1":{"name":"(anonymous_1)","decl":{"start":{"line":26,"column":16},"end":{"line":26,"column":17}},"loc":{"start":{"line":26,"column":36},"end":{"line":44,"column":1}},"line":26}},"branchMap":{"0":{"loc":{"start":{"line":13,"column":4},"end":{"line":13,"column":83}},"type":"if","locations":[{"start":{"line":13,"column":4},"end":{"line":13,"column":83}},{"start":{},"end":{}}],"line":13},"1":{"loc":{"start":{"line":31,"column":4},"end":{"line":31,"column":79}},"type":"if","locations":[{"start":{"line":31,"column":4},"end":{"line":31,"column":79}},{"start":{},"end":{}}],"line":31},"2":{"loc":{"start":{"line":34,"column":4},"end":{"line":34,"column":82}},"type":"if","locations":[{"start":{"line":34,"column":4},"end":{"line":34,"column":82}},{"start":{},"end":{}}],"line":34}},"s":{"0":2,"1":2,"2":2,"3":2,"4":2,"5":10,"6":10,"7":10,"8":10,"9":0,"10":10,"11":10,"12":10,"13":0,"14":2,"15":10,"16":10,"17":10,"18":10,"19":0,"20":10,"21":10,"22":0,"23":10,"24":10,"25":0},"f":{"0":10,"1":10},"b":{"0":[0,10],"1":[0,10],"2":[0,10]},"_coverageSchema":"1a1c01bbd47fc00a2c39e90264f33305004495a9","hash":"80921e440b9d6f8a5273ba94420d30c1908482fd"}
,"C:\\Users\\T\\Desktop\\team-task-tracker\\server\\controllers\\comments.controller.js": {"path":"C:\\Users\\T\\Desktop\\team-task-tracker\\server\\controllers\\comments.controller.js","statementMap":{"0":{"start":{"line":1,"column":16},"end":{"line":1,"column":44}},"1":{"start":{"line":2,"column":13},"end":{"line":2,"column":38}},"2":{"start":{"line":5,"column":0},"end":{"line":27,"column":2}},"3":{"start":{"line":6,"column":2},"end":{"line":26,"column":3}},"4":{"start":{"line":7,"column":29},"end":{"line":7,"column":37}},"5":{"start":{"line":10,"column":17},"end":{"line":10,"column":44}},"6":{"start":{"line":11,"column":4},"end":{"line":11,"column":74}},"7":{"start":{"line":11,"column":15},"end":{"line":11,"column":74}},"8":{"start":{"line":14,"column":20},"end":{"line":18,"column":6}},"9":{"start":{"line":21,"column":4},"end":{"line":21,"column":51}},"10":{"start":{"line":22,"column":4},"end":{"line":22,"column":71}},"11":{"start":{"line":24,"column":4},"end":{"line":24,"column":44}},"12":{"start":{"line":25,"column":4},"end":{"line":25,"column":81}},"13":{"start":{"line":30,"column":0},"end":{"line":48,"column":2}},"14":{"start":{"line":31,"column":2},"end":{"line":47,"column":3}},"15":{"start":{"line":32,"column":23},"end":{"line":32,"column":33}},"16":{"start":{"line":35,"column":17},"end":{"line":35,"column":44}},"17":{"start":{"line":36,"column":4},"end":{"line":36,"column":74}},"18":{"start":{"line":36,"column":15},"end":{"line":36,"column":74}},"19":{"start":{"line":39,"column":21},"end":{"line":41,"column":29}},"20":{"start":{"line":43,"column":4},"end":{"line":43,"column":34}},"21":{"start":{"line":45,"column":4},"end":{"line":45,"column":45}},"22":{"start":{"line":46,"column":4},"end":{"line":46,"column":81}}},"fnMap":{"0":{"name":"(anonymous_0)","decl":{"start":{"line":5,"column":21},"end":{"line":5,"column":22}},"loc":{"start":{"line":5,"column":41},"end":{"line":27,"column":1}},"line":5},"1":{"name":"(anonymous_1)","decl":{"start":{"line":30,"column":22},"end":{"line":30,"column":23}},"loc":{"start":{"line":30,"column":42},"end":{"line":48,"column":1}},"line":30}},"branchMap":{"0":{"loc":{"start":{"line":11,"column":4},"end":{"line":11,"column":74}},"type":"if","locations":[{"start":{"line":11,"column":4},"end":{"line":11,"column":74}},{"start":{},"end":{}}],"line":11},"1":{"loc":{"start":{"line":36,"column":4},"end":{"line":36,"column":74}},"type":"if","locations":[{"start":{"line":36,"column":4},"end":{"line":36,"column":74}},{"start":{},"end":{}}],"line":36}},"s":{"0":2,"1":2,"2":2,"3":1,"4":1,"5":1,"6":1,"7":0,"8":1,"9":1,"10":1,"11":0,"12":0,"13":2,"14":2,"15":2,"16":2,"17":2,"18":1,"19":1,"20":1,"21":0,"22":0},"f":{"0":1,"1":2},"b":{"0":[0,1],"1":[1,1]},"_coverageSchema":"1a1c01bbd47fc00a2c39e90264f33305004495a9","hash":"93d8a6b8ac4215eff14fb2fc20ab7d7710945da9"}
,"C:\\Users\\T\\Desktop\\team-task-tracker\\server\\controllers\\tasks.controller.js": {"path":"C:\\Users\\T\\Desktop\\team-task-tracker\\server\\controllers\\tasks.controller.js","statementMap":{"0":{"start":{"line":3,"column":13},"end":{"line":3,"column":38}},"1":{"start":{"line":4,"column":13},"end":{"line":4,"column":38}},"2":{"start":{"line":8,"column":0},"end":{"line":41,"column":2}},"3":{"start":{"line":9,"column":2},"end":{"line":40,"column":3}},"4":{"start":{"line":10,"column":80},"end":{"line":10,"column":88}},"5":{"start":{"line":13,"column":17},"end":{"line":13,"column":44}},"6":{"start":{"line":14,"column":4},"end":{"line":16,"column":5}},"7":{"start":{"line":15,"column":6},"end":{"line":15,"column":65}},"8":{"start":{"line":19,"column":4},"end":{"line":23,"column":5}},"9":{"start":{"line":20,"column":6},"end":{"line":22,"column":75}},"10":{"start":{"line":26,"column":17},"end":{"line":34,"column":6}},"11":{"start":{"line":36,"column":4},"end":{"line":36,"column":67}},"12":{"start":{"line":38,"column":4},"end":{"line":38,"column":44}},"13":{"start":{"line":39,"column":4},"end":{"line":39,"column":81}},"14":{"start":{"line":45,"column":0},"end":{"line":65,"column":2}},"15":{"start":{"line":46,"column":2},"end":{"line":64,"column":3}},"16":{"start":{"line":47,"column":34},"end":{"line":47,"column":42}},"17":{"start":{"line":48,"column":16},"end":{"line":48,"column":18}},"18":{"start":{"line":50,"column":4},"end":{"line":53,"column":5}},"19":{"start":{"line":52,"column":6},"end":{"line":52,"column":32}},"20":{"start":{"line":55,"column":18},"end":{"line":58,"column":30}},"21":{"start":{"line":60,"column":4},"end":{"line":60,"column":31}},"22":{"start":{"line":62,"column":4},"end":{"line":62,"column":43}},"23":{"start":{"line":63,"column":4},"end":{"line":63,"column":81}},"24":{"start":{"line":69,"column":0},"end":{"line":92,"column":2}},"25":{"start":{"line":70,"column":2},"end":{"line":91,"column":3}},"26":{"start":{"line":71,"column":23},"end":{"line":71,"column":33}},"27":{"start":{"line":72,"column":23},"end":{"line":72,"column":31}},"28":{"start":{"line":74,"column":17},"end":{"line":74,"column":44}},"29":{"start":{"line":75,"column":4},"end":{"line":77,"column":5}},"30":{"start":{"line":76,"column":6},"end":{"line":76,"column":65}},"31":{"start":{"line":80,"column":4},"end":{"line":82,"column":5}},"32":{"start":{"line":81,"column":6},"end":{"line":81,"column":85}},"33":{"start":{"line":84,"column":4},"end":{"line":84,"column":25}},"34":{"start":{"line":85,"column":4},"end":{"line":85,"column":22}},"35":{"start":{"line":87,"column":4},"end":{"line":87,"column":62}},"36":{"start":{"line":89,"column":4},"end":{"line":89,"column":46}},"37":{"start":{"line":90,"column":4},"end":{"line":90,"column":81}}},"fnMap":{"0":{"name":"(anonymous_0)","decl":{"start":{"line":8,"column":21},"end":{"line":8,"column":22}},"loc":{"start":{"line":8,"column":41},"end":{"line":41,"column":1}},"line":8},"1":{"name":"(anonymous_1)","decl":{"start":{"line":45,"column":20},"end":{"line":45,"column":21}},"loc":{"start":{"line":45,"column":40},"end":{"line":65,"column":1}},"line":45},"2":{"name":"(anonymous_2)","decl":{"start":{"line":69,"column":23},"end":{"line":69,"column":24}},"loc":{"start":{"line":69,"column":43},"end":{"line":92,"column":1}},"line":69}},"branchMap":{"0":{"loc":{"start":{"line":14,"column":4},"end":{"line":16,"column":5}},"type":"if","locations":[{"start":{"line":14,"column":4},"end":{"line":16,"column":5}},{"start":{},"end":{}}],"line":14},"1":{"loc":{"start":{"line":19,"column":4},"end":{"line":23,"column":5}},"type":"if","locations":[{"start":{"line":19,"column":4},"end":{"line":23,"column":5}},{"start":{},"end":{}}],"line":19},"2":{"loc":{"start":{"line":50,"column":4},"end":{"line":53,"column":5}},"type":"if","locations":[{"start":{"line":50,"column":4},"end":{"line":53,"column":5}},{"start":{},"end":{}}],"line":50},"3":{"loc":{"start":{"line":75,"column":4},"end":{"line":77,"column":5}},"type":"if","locations":[{"start":{"line":75,"column":4},"end":{"line":77,"column":5}},{"start":{},"end":{}}],"line":75},"4":{"loc":{"start":{"line":80,"column":4},"end":{"line":82,"column":5}},"type":"if","locations":[{"start":{"line":80,"column":4},"end":{"line":82,"column":5}},{"start":{},"end":{}}],"line":80},"5":{"loc":{"start":{"line":80,"column":8},"end":{"line":80,"column":75}},"type":"binary-expr","locations":[{"start":{"line":80,"column":8},"end":{"line":80,"column":34}},{"start":{"line":80,"column":38},"end":{"line":80,"column":75}}],"line":80}},"s":{"0":2,"1":2,"2":2,"3":6,"4":6,"5":6,"6":6,"7":0,"8":6,"9":0,"10":6,"11":6,"12":0,"13":0,"14":2,"15":2,"16":2,"17":2,"18":2,"19":1,"20":2,"21":2,"22":0,"23":0,"24":2,"25":2,"26":2,"27":2,"28":2,"29":2,"30":0,"31":2,"32":0,"33":2,"34":2,"35":2,"36":0,"37":0},"f":{"0":6,"1":2,"2":2},"b":{"0":[0,6],"1":[0,6],"2":[1,1],"3":[0,2],"4":[0,2],"5":[2,1]},"_coverageSchema":"1a1c01bbd47fc00a2c39e90264f33305004495a9","hash":"783b98e398f49f6915ffcf92083c26b6f2fcb1f8"}
,"C:\\Users\\T\\Desktop\\team-task-tracker\\server\\controllers\\teams.controller.js": {"path":"C:\\Users\\T\\Desktop\\team-task-tracker\\server\\controllers\\teams.controller.js","statementMap":{"0":{"start":{"line":1,"column":13},"end":{"line":1,"column":38}},"1":{"start":{"line":2,"column":13},"end":{"line":2,"column":38}},"2":{"start":{"line":3,"column":17},"end":{"line":3,"column":36}},"3":{"start":{"line":6,"column":0},"end":{"line":21,"column":2}},"4":{"start":{"line":7,"column":2},"end":{"line":20,"column":3}},"5":{"start":{"line":8,"column":21},"end":{"line":8,"column":29}},"6":{"start":{"line":11,"column":19},"end":{"line":11,"column":47}},"7":{"start":{"line":12,"column":4},"end":{"line":14,"column":5}},"8":{"start":{"line":13,"column":6},"end":{"line":13,"column":75}},"9":{"start":{"line":16,"column":17},"end":{"line":16,"column":57}},"10":{"start":{"line":17,"column":4},"end":{"line":17,"column":67}},"11":{"start":{"line":19,"column":4},"end":{"line":19,"column":81}},"12":{"start":{"line":24,"column":0},"end":{"line":34,"column":2}},"13":{"start":{"line":25,"column":2},"end":{"line":33,"column":3}},"14":{"start":{"line":27,"column":18},"end":{"line":29,"column":30}},"15":{"start":{"line":30,"column":4},"end":{"line":30,"column":31}},"16":{"start":{"line":32,"column":4},"end":{"line":32,"column":81}},"17":{"start":{"line":37,"column":0},"end":{"line":72,"column":2}},"18":{"start":{"line":38,"column":2},"end":{"line":71,"column":3}},"19":{"start":{"line":39,"column":23},"end":{"line":39,"column":33}},"20":{"start":{"line":40,"column":23},"end":{"line":40,"column":31}},"21":{"start":{"line":41,"column":4},"end":{"line":43,"column":7}},"22":{"start":{"line":42,"column":8},"end":{"line":42,"column":75}},"23":{"start":{"line":45,"column":17},"end":{"line":45,"column":44}},"24":{"start":{"line":46,"column":4},"end":{"line":48,"column":5}},"25":{"start":{"line":47,"column":6},"end":{"line":47,"column":65}},"26":{"start":{"line":51,"column":17},"end":{"line":51,"column":44}},"27":{"start":{"line":52,"column":4},"end":{"line":54,"column":5}},"28":{"start":{"line":53,"column":6},"end":{"line":53,"column":65}},"29":{"start":{"line":57,"column":4},"end":{"line":59,"column":5}},"30":{"start":{"line":58,"column":6},"end":{"line":58,"column":71}},"31":{"start":{"line":61,"column":4},"end":{"line":61,"column":30}},"32":{"start":{"line":62,"column":4},"end":{"line":62,"column":22}},"33":{"start":{"line":65,"column":24},"end":{"line":66,"column":45}},"34":{"start":{"line":68,"column":4},"end":{"line":68,"column":74}},"35":{"start":{"line":70,"column":4},"end":{"line":70,"column":81}}},"fnMap":{"0":{"name":"(anonymous_0)","decl":{"start":{"line":6,"column":21},"end":{"line":6,"column":22}},"loc":{"start":{"line":6,"column":41},"end":{"line":21,"column":1}},"line":6},"1":{"name":"(anonymous_1)","decl":{"start":{"line":24,"column":20},"end":{"line":24,"column":21}},"loc":{"start":{"line":24,"column":40},"end":{"line":34,"column":1}},"line":24},"2":{"name":"(anonymous_2)","decl":{"start":{"line":37,"column":24},"end":{"line":37,"column":25}},"loc":{"start":{"line":37,"column":44},"end":{"line":72,"column":1}},"line":37}},"branchMap":{"0":{"loc":{"start":{"line":12,"column":4},"end":{"line":14,"column":5}},"type":"if","locations":[{"start":{"line":12,"column":4},"end":{"line":14,"column":5}},{"start":{},"end":{}}],"line":12},"1":{"loc":{"start":{"line":41,"column":4},"end":{"line":43,"column":7}},"type":"if","locations":[{"start":{"line":41,"column":4},"end":{"line":43,"column":7}},{"start":{},"end":{}}],"line":41},"2":{"loc":{"start":{"line":46,"column":4},"end":{"line":48,"column":5}},"type":"if","locations":[{"start":{"line":46,"column":4},"end":{"line":48,"column":5}},{"start":{},"end":{}}],"line":46},"3":{"loc":{"start":{"line":52,"column":4},"end":{"line":54,"column":5}},"type":"if","locations":[{"start":{"line":52,"column":4},"end":{"line":54,"column":5}},{"start":{},"end":{}}],"line":52},"4":{"loc":{"start":{"line":57,"column":4},"end":{"line":59,"column":5}},"type":"if","locations":[{"start":{"line":57,"column":4},"end":{"line":59,"column":5}},{"start":{},"end":{}}],"line":57}},"s":{"0":2,"1":2,"2":2,"3":2,"4":5,"5":5,"6":5,"7":5,"8":0,"9":5,"10":5,"11":0,"12":2,"13":0,"14":0,"15":0,"16":0,"17":2,"18":8,"19":8,"20":8,"21":8,"22":0,"23":8,"24":8,"25":0,"26":8,"27":8,"28":0,"29":8,"30":0,"31":8,"32":8,"33":8,"34":8,"35":0},"f":{"0":5,"1":0,"2":8},"b":{"0":[0,5],"1":[0,8],"2":[0,8],"3":[0,8],"4":[0,8]},"_coverageSchema":"1a1c01bbd47fc00a2c39e90264f33305004495a9","hash":"bc5238f54a6e80d2ac111018c438d9fb275b9263"}
,"C:\\Users\\T\\Desktop\\team-task-tracker\\server\\middleware\\auth.middleware.js": {"path":"C:\\Users\\T\\Desktop\\team-task-tracker\\server\\middleware\\auth.middleware.js","statementMap":{"0":{"start":{"line":1,"column":0},"end":{"line":1,"column":27}},"1":{"start":{"line":2,"column":12},"end":{"line":2,"column":35}},"2":{"start":{"line":3,"column":13},"end":{"line":3,"column":38}},"3":{"start":{"line":4,"column":19},"end":{"line":4,"column":41}},"4":{"start":{"line":7,"column":0},"end":{"line":26,"column":2}},"5":{"start":{"line":9,"column":21},"end":{"line":9,"column":48}},"6":{"start":{"line":10,"column":2},"end":{"line":11,"column":79}},"7":{"start":{"line":11,"column":4},"end":{"line":11,"column":79}},"8":{"start":{"line":13,"column":16},"end":{"line":13,"column":40}},"9":{"start":{"line":14,"column":2},"end":{"line":25,"column":3}},"10":{"start":{"line":17,"column":20},"end":{"line":17,"column":49}},"11":{"start":{"line":19,"column":17},"end":{"line":19,"column":68}},"12":{"start":{"line":20,"column":4},"end":{"line":20,"column":73}},"13":{"start":{"line":20,"column":15},"end":{"line":20,"column":73}},"14":{"start":{"line":21,"column":4},"end":{"line":21,"column":20}},"15":{"start":{"line":22,"column":4},"end":{"line":22,"column":11}},"16":{"start":{"line":24,"column":4},"end":{"line":24,"column":67}},"17":{"start":{"line":29,"column":0},"end":{"line":33,"column":2}},"18":{"start":{"line":30,"column":2},"end":{"line":31,"column":69}},"19":{"start":{"line":31,"column":4},"end":{"line":31,"column":69}},"20":{"start":{"line":32,"column":2},"end":{"line":32,"column":9}},"21":{"start":{"line":36,"column":0},"end":{"line":40,"column":2}},"22":{"start":{"line":37,"column":2},"end":{"line":38,"column":70}},"23":{"start":{"line":38,"column":4},"end":{"line":38,"column":70}},"24":{"start":{"line":39,"column":2},"end":{"line":39,"column":9}}},"fnMap":{"0":{"name":"(anonymous_0)","decl":{"start":{"line":7,"column":26},"end":{"line":7,"column":27}},"loc":{"start":{"line":7,"column":52},"end":{"line":26,"column":1}},"line":7},"1":{"name":"(anonymous_1)","decl":{"start":{"line":29,"column":18},"end":{"line":29,"column":19}},"loc":{"start":{"line":29,"column":38},"end":{"line":33,"column":1}},"line":29},"2":{"name":"(anonymous_2)","decl":{"start":{"line":36,"column":19},"end":{"line":36,"column":20}},"loc":{"start":{"line":36,"column":39},"end":{"line":40,"column":1}},"line":36}},"branchMap":{"0":{"loc":{"start":{"line":10,"column":2},"end":{"line":11,"column":79}},"type":"if","locations":[{"start":{"line":10,"column":2},"end":{"line":11,"column":79}},{"start":{},"end":{}}],"line":10},"1":{"loc":{"start":{"line":20,"column":4},"end":{"line":20,"column":73}},"type":"if","locations":[{"start":{"line":20,"column":4},"end":{"line":20,"column":73}},{"start":{},"end":{}}],"line":20},"2":{"loc":{"start":{"line":30,"column":2},"end":{"line":31,"column":69}},"type":"if","locations":[{"start":{"line":30,"column":2},"end":{"line":31,"column":69}},{"start":{},"end":{}}],"line":30},"3":{"loc":{"start":{"line":37,"column":2},"end":{"line":38,"column":70}},"type":"if","locations":[{"start":{"line":37,"column":2},"end":{"line":38,"column":70}},{"start":{},"end":{}}],"line":37}},"s":{"0":2,"1":2,"2":2,"3":2,"4":2,"5":26,"6":26,"7":0,"8":26,"9":26,"10":26,"11":26,"12":26,"13":0,"14":26,"15":26,"16":0,"17":2,"18":13,"19":0,"20":13,"21":2,"22":0,"23":0,"24":0},"f":{"0":26,"1":13,"2":0},"b":{"0":[0,26],"1":[0,26],"2":[0,13],"3":[0,0]},"_coverageSchema":"1a1c01bbd47fc00a2c39e90264f33305004495a9","hash":"5570f5b8732b67b1c39b5174143accf45d36ff4a"}
,"C:\\Users\\T\\Desktop\\team-task-tracker\\server\\models\\Comment.js": {"path":"C:\\Users\\T\\Desktop\\team-task-tracker\\server\\models\\Comment.js","statementMap":{"0":{"start":{"line":1,"column":17},"end":{"line":1,"column":36}},"1":{"start":{"line":3,"column":22},"end":{"line":19,"column":24}},"2":{"start":{"line":21,"column":0},"end":{"line":21,"column":58}}},"fnMap":{},"branchMap":{},"s":{"0":2,"1":2,"2":2},"f":{},"b":{},"_coverageSchema":"1a1c01bbd47fc00a2c39e90264f33305004495a9","hash":"1ac2b32d06ce6bc2af64e7b371faeec3a724db96"}
,"C:\\Users\\T\\Desktop\\team-task-tracker\\server\\models\\Task.js": {"path":"C:\\Users\\T\\Desktop\\team-task-tracker\\server\\models\\Task.js","statementMap":{"0":{"start":{"line":2,"column":17},"end":{"line":2,"column":36}},"1":{"start":{"line":4,"column":19},"end":{"line":37,"column":24}},"2":{"start":{"line":39,"column":0},"end":{"line":39,"column":52}}},"fnMap":{},"branchMap":{},"s":{"0":2,"1":2,"2":2},"f":{},"b":{},"_coverageSchema":"1a1c01bbd47fc00a2c39e90264f33305004495a9","hash":"a1d4192ae2f5e278b30a457a78ea4f7f9b2383c0"}
,"C:\\Users\\T\\Desktop\\team-task-tracker\\server\\models\\Team.js": {"path":"C:\\Users\\T\\Desktop\\team-task-tracker\\server\\models\\Team.js","statementMap":{"0":{"start":{"line":1,"column":17},"end":{"line":1,"column":36}},"1":{"start":{"line":3,"column":19},"end":{"line":16,"column":24}},"2":{"start":{"line":18,"column":0},"end":{"line":18,"column":52}}},"fnMap":{},"branchMap":{},"s":{"0":2,"1":2,"2":2},"f":{},"b":{},"_coverageSchema":"1a1c01bbd47fc00a2c39e90264f33305004495a9","hash":"99bbd1c6d661bdd437c90d247768165fb997b367"}
,"C:\\Users\\T\\Desktop\\team-task-tracker\\server\\models\\User.js": {"path":"C:\\Users\\T\\Desktop\\team-task-tracker\\server\\models\\User.js","statementMap":{"0":{"start":{"line":1,"column":17},"end":{"line":1,"column":36}},"1":{"start":{"line":3,"column":19},"end":{"line":8,"column":2}},"2":{"start":{"line":10,"column":0},"end":{"line":10,"column":52}}},"fnMap":{},"branchMap":{},"s":{"0":2,"1":2,"2":2},"f":{},"b":{},"_coverageSchema":"1a1c01bbd47fc00a2c39e90264f33305004495a9","hash":"7c14239af063f3df9555875af0efb516aa3b2134"}
,"C:\\Users\\T\\Desktop\\team-task-tracker\\server\\routes\\auth.routes.js": {"path":"C:\\Users\\T\\Desktop\\team-task-tracker\\server\\routes\\auth.routes.js","statementMap":{"0":{"start":{"line":1,"column":16},"end":{"line":1,"column":34}},"1":{"start":{"line":2,"column":15},"end":{"line":2,"column":31}},"2":{"start":{"line":3,"column":28},"end":{"line":3,"column":69}},"3":{"start":{"line":4,"column":0},"end":{"line":4,"column":35}},"4":{"start":{"line":5,"column":0},"end":{"line":5,"column":29}},"5":{"start":{"line":7,"column":0},"end":{"line":7,"column":24}}},"fnMap":{},"branchMap":{},"s":{"0":2,"1":2,"2":2,"3":2,"4":2,"5":2},"f":{},"b":{},"_coverageSchema":"1a1c01bbd47fc00a2c39e90264f33305004495a9","hash":"7ce7386c73875556767e871c0f30deadd7f524b5"}
,"C:\\Users\\T\\Desktop\\team-task-tracker\\server\\routes\\comments.routes.js": {"path":"C:\\Users\\T\\Desktop\\team-task-tracker\\server\\routes\\comments.routes.js","statementMap":{"0":{"start":{"line":1,"column":16},"end":{"line":1,"column":34}},"1":{"start":{"line":2,"column":15},"end":{"line":2,"column":31}},"2":{"start":{"line":4,"column":28},"end":{"line":4,"column":68}},"3":{"start":{"line":5,"column":36},"end":{"line":5,"column":81}},"4":{"start":{"line":7,"column":0},"end":{"line":7,"column":28}},"5":{"start":{"line":10,"column":0},"end":{"line":10,"column":29}},"6":{"start":{"line":13,"column":0},"end":{"line":13,"column":36}},"7":{"start":{"line":15,"column":0},"end":{"line":15,"column":24}}},"fnMap":{},"branchMap":{},"s":{"0":2,"1":2,"2":2,"3":2,"4":2,"5":2,"6":2,"7":2},"f":{},"b":{},"_coverageSchema":"1a1c01bbd47fc00a2c39e90264f33305004495a9","hash":"b74943db7f87ad4578d0152b26a13c04ec842ca8"}
,"C:\\Users\\T\\Desktop\\team-task-tracker\\server\\routes\\tasks.routes.js": {"path":"C:\\Users\\T\\Desktop\\team-task-tracker\\server\\routes\\tasks.routes.js","statementMap":{"0":{"start":{"line":1,"column":16},"end":{"line":1,"column":34}},"1":{"start":{"line":2,"column":15},"end":{"line":2,"column":31}},"2":{"start":{"line":3,"column":28},"end":{"line":3,"column":68}},"3":{"start":{"line":8,"column":4},"end":{"line":8,"column":46}},"4":{"start":{"line":10,"column":0},"end":{"line":10,"column":28}},"5":{"start":{"line":13,"column":0},"end":{"line":13,"column":29}},"6":{"start":{"line":14,"column":0},"end":{"line":14,"column":27}},"7":{"start":{"line":15,"column":0},"end":{"line":15,"column":46}},"8":{"start":{"line":17,"column":0},"end":{"line":17,"column":24}}},"fnMap":{},"branchMap":{},"s":{"0":2,"1":2,"2":2,"3":2,"4":2,"5":2,"6":2,"7":2,"8":2},"f":{},"b":{},"_coverageSchema":"1a1c01bbd47fc00a2c39e90264f33305004495a9","hash":"4f36c267dc6fbb72370b65c8eac365160c8cd819"}
,"C:\\Users\\T\\Desktop\\team-task-tracker\\server\\routes\\teams.routes.js": {"path":"C:\\Users\\T\\Desktop\\team-task-tracker\\server\\routes\\teams.routes.js","statementMap":{"0":{"start":{"line":1,"column":16},"end":{"line":1,"column":34}},"1":{"start":{"line":2,"column":15},"end":{"line":2,"column":31}},"2":{"start":{"line":3,"column":37},"end":{"line":3,"column":77}},"3":{"start":{"line":8,"column":4},"end":{"line":8,"column":46}},"4":{"start":{"line":11,"column":0},"end":{"line":11,"column":28}},"5":{"start":{"line":14,"column":0},"end":{"line":14,"column":38}},"6":{"start":{"line":15,"column":0},"end":{"line":15,"column":54}},"7":{"start":{"line":18,"column":0},"end":{"line":18,"column":27}},"8":{"start":{"line":20,"column":0},"end":{"line":20,"column":24}}},"fnMap":{},"branchMap":{},"s":{"0":2,"1":2,"2":2,"3":2,"4":2,"5":2,"6":2,"7":2,"8":2},"f":{},"b":{},"_coverageSchema":"1a1c01bbd47fc00a2c39e90264f33305004495a9","hash":"50c0d08874cbf038805009a6838e0d476d710b52"}
,"C:\\Users\\T\\Desktop\\team-task-tracker\\server\\tests\\db.js": {"path":"C:\\Users\\T\\Desktop\\team-task-tracker\\server\\tests\\db.js","statementMap":{"0":{"start":{"line":1,"column":17},"end":{"line":1,"column":36}},"1":{"start":{"line":2,"column":30},"end":{"line":2,"column":62}},"2":{"start":{"line":6,"column":0},"end":{"line":35,"column":2}},"3":{"start":{"line":9,"column":4},"end":{"line":11,"column":5}},"4":{"start":{"line":10,"column":6},"end":{"line":10,"column":34}},"5":{"start":{"line":14,"column":4},"end":{"line":14,"column":51}},"6":{"start":{"line":15,"column":16},"end":{"line":15,"column":36}},"7":{"start":{"line":17,"column":4},"end":{"line":20,"column":7}},"8":{"start":{"line":24,"column":4},"end":{"line":24,"column":45}},"9":{"start":{"line":25,"column":4},"end":{"line":25,"column":38}},"10":{"start":{"line":26,"column":4},"end":{"line":26,"column":46}},"11":{"start":{"line":26,"column":21},"end":{"line":26,"column":46}},"12":{"start":{"line":30,"column":28},"end":{"line":30,"column":47}},"13":{"start":{"line":31,"column":4},"end":{"line":33,"column":5}},"14":{"start":{"line":32,"column":6},"end":{"line":32,"column":42}}},"fnMap":{"0":{"name":"(anonymous_0)","decl":{"start":{"line":7,"column":11},"end":{"line":7,"column":12}},"loc":{"start":{"line":7,"column":23},"end":{"line":21,"column":3}},"line":7},"1":{"name":"(anonymous_1)","decl":{"start":{"line":23,"column":17},"end":{"line":23,"column":18}},"loc":{"start":{"line":23,"column":29},"end":{"line":27,"column":3}},"line":23},"2":{"name":"(anonymous_2)","decl":{"start":{"line":29,"column":17},"end":{"line":29,"column":18}},"loc":{"start":{"line":29,"column":29},"end":{"line":34,"column":3}},"line":29}},"branchMap":{"0":{"loc":{"start":{"line":9,"column":4},"end":{"line":11,"column":5}},"type":"if","locations":[{"start":{"line":9,"column":4},"end":{"line":11,"column":5}},{"start":{},"end":{}}],"line":9},"1":{"loc":{"start":{"line":26,"column":4},"end":{"line":26,"column":46}},"type":"if","locations":[{"start":{"line":26,"column":4},"end":{"line":26,"column":46}},{"start":{},"end":{}}],"line":26}},"s":{"0":2,"1":2,"2":2,"3":2,"4":0,"5":2,"6":2,"7":2,"8":2,"9":2,"10":2,"11":2,"12":5,"13":5,"14":20},"f":{"0":2,"1":2,"2":5},"b":{"0":[0,2],"1":[2,0]},"_coverageSchema":"1a1c01bbd47fc00a2c39e90264f33305004495a9","hash":"03425768f5d22b1932b5631e123bf5772eb29ebc"}
}
