TN:
SF:server.js
FN:29,(anonymous_0)
FN:31,(anonymous_1)
FN:35,(anonymous_2)
FNF:3
FNH:0
FNDA:0,(anonymous_0)
FNDA:0,(anonymous_1)
FNDA:0,(anonymous_2)
DA:1,2
DA:2,2
DA:3,2
DA:4,2
DA:5,2
DA:6,2
DA:7,2
DA:11,2
DA:13,2
DA:15,2
DA:16,2
DA:17,2
DA:20,2
DA:21,2
DA:22,2
DA:23,2
DA:27,2
DA:28,0
DA:30,0
DA:31,0
DA:32,0
DA:35,0
DA:36,2
LF:23
LH:18
BRDA:27,0,0,0
BRDA:27,0,1,2
BRDA:31,1,0,0
BRDA:31,1,1,0
BRDA:32,2,0,0
BRDA:32,2,1,0
BRF:6
BRH:1
end_of_record
TN:
SF:controllers\auth.controller.js
FN:8,(anonymous_0)
FN:26,(anonymous_1)
FNF:2
FNH:2
FNDA:10,(anonymous_0)
FNDA:10,(anonymous_1)
DA:1,2
DA:2,2
DA:3,2
DA:5,2
DA:8,2
DA:9,10
DA:10,10
DA:12,10
DA:13,10
DA:15,10
DA:17,10
DA:19,10
DA:21,0
DA:26,2
DA:27,10
DA:28,10
DA:30,10
DA:31,10
DA:33,10
DA:34,10
DA:36,10
DA:40,10
DA:42,0
LF:23
LH:21
BRDA:13,0,0,0
BRDA:13,0,1,10
BRDA:31,1,0,0
BRDA:31,1,1,10
BRDA:34,2,0,0
BRDA:34,2,1,10
BRF:6
BRH:3
end_of_record
TN:
SF:controllers\comments.controller.js
FN:5,(anonymous_0)
FN:30,(anonymous_1)
FNF:2
FNH:2
FNDA:1,(anonymous_0)
FNDA:2,(anonymous_1)
DA:1,2
DA:2,2
DA:5,2
DA:6,1
DA:7,1
DA:10,1
DA:11,1
DA:14,1
DA:21,1
DA:22,1
DA:24,0
DA:25,0
DA:30,2
DA:31,2
DA:32,2
DA:35,2
DA:36,2
DA:39,1
DA:43,1
DA:45,0
DA:46,0
LF:21
LH:17
BRDA:11,0,0,0
BRDA:11,0,1,1
BRDA:36,1,0,1
BRDA:36,1,1,1
BRF:4
BRH:3
end_of_record
TN:
SF:controllers\tasks.controller.js
FN:8,(anonymous_0)
FN:45,(anonymous_1)
FN:69,(anonymous_2)
FNF:3
FNH:3
FNDA:6,(anonymous_0)
FNDA:2,(anonymous_1)
FNDA:2,(anonymous_2)
DA:3,2
DA:4,2
DA:8,2
DA:9,6
DA:10,6
DA:13,6
DA:14,6
DA:15,0
DA:19,6
DA:20,0
DA:26,6
DA:36,6
DA:38,0
DA:39,0
DA:45,2
DA:46,2
DA:47,2
DA:48,2
DA:50,2
DA:52,1
DA:55,2
DA:60,2
DA:62,0
DA:63,0
DA:69,2
DA:70,2
DA:71,2
DA:72,2
DA:74,2
DA:75,2
DA:76,0
DA:80,2
DA:81,0
DA:84,2
DA:85,2
DA:87,2
DA:89,0
DA:90,0
LF:38
LH:28
BRDA:14,0,0,0
BRDA:14,0,1,6
BRDA:19,1,0,0
BRDA:19,1,1,6
BRDA:50,2,0,1
BRDA:50,2,1,1
BRDA:75,3,0,0
BRDA:75,3,1,2
BRDA:80,4,0,0
BRDA:80,4,1,2
BRDA:80,5,0,2
BRDA:80,5,1,1
BRF:12
BRH:8
end_of_record
TN:
SF:controllers\teams.controller.js
FN:6,(anonymous_0)
FN:24,(anonymous_1)
FN:37,(anonymous_2)
FNF:3
FNH:2
FNDA:5,(anonymous_0)
FNDA:0,(anonymous_1)
FNDA:8,(anonymous_2)
DA:1,2
DA:2,2
DA:3,2
DA:6,2
DA:7,5
DA:8,5
DA:11,5
DA:12,5
DA:13,0
DA:16,5
DA:17,5
DA:19,0
DA:24,2
DA:25,0
DA:27,0
DA:30,0
DA:32,0
DA:37,2
DA:38,8
DA:39,8
DA:40,8
DA:41,8
DA:42,0
DA:45,8
DA:46,8
DA:47,0
DA:51,8
DA:52,8
DA:53,0
DA:57,8
DA:58,0
DA:61,8
DA:62,8
DA:65,8
DA:68,8
DA:70,0
LF:36
LH:25
BRDA:12,0,0,0
BRDA:12,0,1,5
BRDA:41,1,0,0
BRDA:41,1,1,8
BRDA:46,2,0,0
BRDA:46,2,1,8
BRDA:52,3,0,0
BRDA:52,3,1,8
BRDA:57,4,0,0
BRDA:57,4,1,8
BRF:10
BRH:5
end_of_record
TN:
SF:middleware\auth.middleware.js
FN:7,(anonymous_0)
FN:33,(anonymous_1)
FN:40,(anonymous_2)
FNF:3
FNH:2
FNDA:26,(anonymous_0)
FNDA:13,(anonymous_1)
FNDA:0,(anonymous_2)
DA:1,2
DA:2,2
DA:3,2
DA:4,2
DA:7,2
DA:8,26
DA:10,26
DA:11,26
DA:12,0
DA:14,26
DA:16,26
DA:17,26
DA:18,26
DA:20,26
DA:21,26
DA:23,26
DA:24,26
DA:25,26
DA:26,26
DA:28,0
DA:33,2
DA:34,13
DA:35,0
DA:36,13
DA:40,2
DA:41,0
DA:42,0
DA:43,0
LF:28
LH:22
BRDA:11,0,0,0
BRDA:11,0,1,26
BRDA:24,1,0,0
BRDA:24,1,1,26
BRDA:34,2,0,0
BRDA:34,2,1,13
BRDA:41,3,0,0
BRDA:41,3,1,0
BRF:8
BRH:3
end_of_record
TN:
SF:models\Comment.js
FNF:0
FNH:0
DA:1,2
DA:3,2
DA:21,2
LF:3
LH:3
BRF:0
BRH:0
end_of_record
TN:
SF:models\Task.js
FNF:0
FNH:0
DA:2,2
DA:4,2
DA:39,2
LF:3
LH:3
BRF:0
BRH:0
end_of_record
TN:
SF:models\Team.js
FNF:0
FNH:0
DA:1,2
DA:3,2
DA:18,2
LF:3
LH:3
BRF:0
BRH:0
end_of_record
TN:
SF:models\User.js
FNF:0
FNH:0
DA:1,2
DA:3,2
DA:10,2
LF:3
LH:3
BRF:0
BRH:0
end_of_record
TN:
SF:routes\auth.routes.js
FNF:0
FNH:0
DA:1,2
DA:2,2
DA:3,2
DA:4,2
DA:5,2
DA:7,2
LF:6
LH:6
BRF:0
BRH:0
end_of_record
TN:
SF:routes\comments.routes.js
FNF:0
FNH:0
DA:1,2
DA:2,2
DA:4,2
DA:5,2
DA:7,2
DA:10,2
DA:13,2
DA:15,2
LF:8
LH:8
BRF:0
BRH:0
end_of_record
TN:
SF:routes\tasks.routes.js
FNF:0
FNH:0
DA:1,2
DA:2,2
DA:3,2
DA:8,2
DA:10,2
DA:13,2
DA:14,2
DA:15,2
DA:17,2
LF:9
LH:9
BRF:0
BRH:0
end_of_record
TN:
SF:routes\teams.routes.js
FNF:0
FNH:0
DA:1,2
DA:2,2
DA:3,2
DA:8,2
DA:11,2
DA:14,2
DA:15,2
DA:18,2
DA:20,2
LF:9
LH:9
BRF:0
BRH:0
end_of_record
TN:
SF:tests\db.js
FN:7,(anonymous_0)
FN:23,(anonymous_1)
FN:29,(anonymous_2)
FNF:3
FNH:3
FNDA:2,(anonymous_0)
FNDA:2,(anonymous_1)
FNDA:5,(anonymous_2)
DA:1,2
DA:2,2
DA:6,2
DA:9,2
DA:10,0
DA:14,2
DA:15,2
DA:17,2
DA:24,2
DA:25,2
DA:26,2
DA:30,5
DA:31,5
DA:32,20
LF:14
LH:13
BRDA:9,0,0,0
BRDA:9,0,1,2
BRDA:26,1,0,2
BRDA:26,1,1,0
BRF:4
BRH:2
end_of_record
